<?xml version="1.0" encoding="UTF-8"?>
<testsuite xmlns:xsi="http://www.w3.org/2001/XMLSchema-instance" xsi:noNamespaceSchemaLocation="https://maven.apache.org/surefire/maven-surefire-plugin/xsd/surefire-test-report-3.0.xsd" version="3.0" name="com.example.GameStoreTest" time="0.063" tests="3" errors="0" skipped="0" failures="0">
  <properties>
[...]
</properties>
  <testcase name="testAddGameToCart" classname="com.example.GameStoreTest" time="0.031">
    <system-out><![CDATA[Minecraft added to the cart.
]]></system-out>
  </testcase>
  <testcase name="testCheckoutClearsCart" classname="com.example.GameStoreTest" time="0.001">
    <system-out><![CDATA[Game not found.
Cannot checkout. The cart is empty.
]]></system-out>
  </testcase>
  <testcase name="testCartTotalCalculation" classname="com.example.GameStoreTest" time="0.006">
    <system-out><![CDATA[Elden Ring added to the cart.
Rainbow Six Seige added to the cart.
]]></system-out>
  </testcase>
</testsuite>